[1/3] arm-none-eabi-gcc -o build/out/openinput-efm32gg12-generic-r193-73649e7-dirty.elf build/platform/efm32gg/usb_descriptors.o build/platform/efm32gg/tusb/device/usbd_control.o build/platform/efm32gg/cmu.o build/platform/efm32gg/hal/hid.o build/platform/efm32gg/startup.o build/targets/efm32gg12-generic/main.o build/platform/efm32gg/gpio.o build/driver/pixart/pixart_pmw.o build/platform/efm32gg/systick.o build/platform/efm32gg/tusb/portable/silabs/efm32/dcd_efm32.o build/platform/efm32gg/tusb/class/hid/hid_device.o build/platform/efm32gg/tusb/tusb.o build/platform/efm32gg/tusb/device/usbd.o build/platform/efm32gg/tusb/common/tusb_fifo.o build/protocol/protocol.o build/platform/efm32gg/emu.o build/platform/efm32gg/usb.o -flto -mthumb -mcpu=cortex-m4 -mfloat-abi=hard -mfpu=fpv4-sp-d16 -nostdlib -nostartfiles -ggdb -fdata-sections -ffunction-sections -fsingle-precision-constant -fno-strict-aliasing -Os -fshort-enums -Wl,-T,/home/perigoso/Development/tusb/hw/mcu/silabs/cmsis-dfp-efm32gg12b/Device/SiliconLabs/EFM32GG12B/Source/GCC/efm32gg12b.ld -Wl,-Map=print-LDFLAGS.map -Wl,-cref -Wl,-gc-sections -specs=nosys.specs -specs=nano.specs -Lbuild_targets/linker -Tefm32gg12-generic/sltb009a.ld
FAILED: build/out/openinput-efm32gg12-generic-r193-73649e7-dirty.elf
arm-none-eabi-gcc -o build/out/openinput-efm32gg12-generic-r193-73649e7-dirty.elf build/platform/efm32gg/usb_descriptors.o build/platform/efm32gg/tusb/device/usbd_control.o build/platform/efm32gg/cmu.o build/platform/efm32gg/hal/hid.o build/platform/efm32gg/startup.o build/targets/efm32gg12-generic/main.o build/platform/efm32gg/gpio.o build/driver/pixart/pixart_pmw.o build/platform/efm32gg/systick.o build/platform/efm32gg/tusb/portable/silabs/efm32/dcd_efm32.o build/platform/efm32gg/tusb/class/hid/hid_device.o build/platform/efm32gg/tusb/tusb.o build/platform/efm32gg/tusb/device/usbd.o build/platform/efm32gg/tusb/common/tusb_fifo.o build/protocol/protocol.o build/platform/efm32gg/emu.o build/platform/efm32gg/usb.o -flto -mthumb -mcpu=cortex-m4 -mfloat-abi=hard -mfpu=fpv4-sp-d16 -nostdlib -nostartfiles -ggdb -fdata-sections -ffunction-sections -fsingle-precision-constant -fno-strict-aliasing -Os -fshort-enums -Wl,-T,/home/perigoso/Development/tusb/hw/mcu/silabs/cmsis-dfp-efm32gg12b/Device/SiliconLabs/EFM32GG12B/Source/GCC/efm32gg12b.ld -Wl,-Map=print-LDFLAGS.map -Wl,-cref -Wl,-gc-sections -specs=nosys.specs -specs=nano.specs -Lbuild_targets/linker -Tefm32gg12-generic/sltb009a.ld
/usr/bin/../lib/gcc/arm-none-eabi/10.2.1/../../../../arm-none-eabi/bin/ld:/home/perigoso/Development/tusb/hw/mcu/silabs/cmsis-dfp-efm32gg12b/Device/SiliconLabs/EFM32GG12B/Source/GCC/efm32gg12b.ld:78: undefined symbol `__Vectors' referenced in expression
collect2: error: ld returned 1 exit status
ninja: build stopped: subcommand failed.
